C:\Users\Mateusz\Desktop\EmployeeManager\EmployeeManager\EmployeeManager\ClientApp\dist\out-tsc\e2e\src\app.po.js
C:\Users\Mateusz\Desktop\EmployeeManager\EmployeeManager\EmployeeManager\ClientApp\dist\out-tsc\e2e\src\app.po.js.map
C:\Users\Mateusz\Desktop\EmployeeManager\EmployeeManager\EmployeeManager\ClientApp\dist\out-tsc\e2e\src\app.e2e-spec.js
C:\Users\Mateusz\Desktop\EmployeeManager\EmployeeManager\EmployeeManager\ClientApp\dist\out-tsc\e2e\src\app.e2e-spec.js.map
C:\Users\Mateusz\Desktop\EmployeeManager\EmployeeManager\EmployeeManager\ClientApp\dist\out-tsc\src\app\auth\auth.service.js
C:\Users\Mateusz\Desktop\EmployeeManager\EmployeeManager\EmployeeManager\ClientApp\dist\out-tsc\src\app\auth\auth.service.js.map
C:\Users\Mateusz\Desktop\EmployeeManager\EmployeeManager\EmployeeManager\ClientApp\dist\out-tsc\src\app\auth\auth-guard.service.js
C:\Users\Mateusz\Desktop\EmployeeManager\EmployeeManager\EmployeeManager\ClientApp\dist\out-tsc\src\app\auth\auth-guard.service.js.map
C:\Users\Mateusz\Desktop\EmployeeManager\EmployeeManager\EmployeeManager\ClientApp\dist\out-tsc\src\app\home.component\home.component.js
C:\Users\Mateusz\Desktop\EmployeeManager\EmployeeManager\EmployeeManager\ClientApp\dist\out-tsc\src\app\home.component\home.component.js.map
C:\Users\Mateusz\Desktop\EmployeeManager\EmployeeManager\EmployeeManager\ClientApp\dist\out-tsc\src\app\employees.component\employees.component.js
C:\Users\Mateusz\Desktop\EmployeeManager\EmployeeManager\EmployeeManager\ClientApp\dist\out-tsc\src\app\employees.component\employees.component.js.map
C:\Users\Mateusz\Desktop\EmployeeManager\EmployeeManager\EmployeeManager\ClientApp\dist\out-tsc\src\app\app-routing.module.js
C:\Users\Mateusz\Desktop\EmployeeManager\EmployeeManager\EmployeeManager\ClientApp\dist\out-tsc\src\app\app-routing.module.js.map
C:\Users\Mateusz\Desktop\EmployeeManager\EmployeeManager\EmployeeManager\ClientApp\dist\out-tsc\src\app\app.component.js
C:\Users\Mateusz\Desktop\EmployeeManager\EmployeeManager\EmployeeManager\ClientApp\dist\out-tsc\src\app\app.component.js.map
C:\Users\Mateusz\Desktop\EmployeeManager\EmployeeManager\EmployeeManager\ClientApp\dist\out-tsc\src\app\app.module.js
C:\Users\Mateusz\Desktop\EmployeeManager\EmployeeManager\EmployeeManager\ClientApp\dist\out-tsc\src\app\app.module.js.map
C:\Users\Mateusz\Desktop\EmployeeManager\EmployeeManager\EmployeeManager\ClientApp\dist\out-tsc\src\environments\environment.js
C:\Users\Mateusz\Desktop\EmployeeManager\EmployeeManager\EmployeeManager\ClientApp\dist\out-tsc\src\environments\environment.js.map
C:\Users\Mateusz\Desktop\EmployeeManager\EmployeeManager\EmployeeManager\ClientApp\dist\out-tsc\src\main.js
C:\Users\Mateusz\Desktop\EmployeeManager\EmployeeManager\EmployeeManager\ClientApp\dist\out-tsc\src\main.js.map
C:\Users\Mateusz\Desktop\EmployeeManager\EmployeeManager\EmployeeManager\ClientApp\dist\out-tsc\src\polyfills.js
C:\Users\Mateusz\Desktop\EmployeeManager\EmployeeManager\EmployeeManager\ClientApp\dist\out-tsc\src\polyfills.js.map
C:\Users\Mateusz\Desktop\EmployeeManager\EmployeeManager\EmployeeManager\ClientApp\dist\out-tsc\src\test.js
C:\Users\Mateusz\Desktop\EmployeeManager\EmployeeManager\EmployeeManager\ClientApp\dist\out-tsc\src\test.js.map
C:\Users\Mateusz\Desktop\EmployeeManager\EmployeeManager\EmployeeManager\ClientApp\dist\out-tsc\src\app\app.component.spec.js
C:\Users\Mateusz\Desktop\EmployeeManager\EmployeeManager\EmployeeManager\ClientApp\dist\out-tsc\src\app\app.component.spec.js.map
C:\Users\Mateusz\Desktop\EmployeeManager\EmployeeManager\EmployeeManager\ClientApp\dist\out-tsc\src\app\services\employee\employee.js
C:\Users\Mateusz\Desktop\EmployeeManager\EmployeeManager\EmployeeManager\ClientApp\dist\out-tsc\src\app\services\employee\employee.js.map
C:\Users\Mateusz\Desktop\EmployeeManager\EmployeeManager\EmployeeManager\ClientApp\dist\out-tsc\src\app\services\employee\employee.service.js
C:\Users\Mateusz\Desktop\EmployeeManager\EmployeeManager\EmployeeManager\ClientApp\dist\out-tsc\src\app\services\employee\employee.service.js.map
C:\Users\Mateusz\Desktop\EmployeeManager\EmployeeManager\EmployeeManager\ClientApp\dist\out-tsc\src\app\login\login.js
C:\Users\Mateusz\Desktop\EmployeeManager\EmployeeManager\EmployeeManager\ClientApp\dist\out-tsc\src\app\login\login.js.map
C:\Users\Mateusz\Desktop\EmployeeManager\EmployeeManager\EmployeeManager\ClientApp\dist\out-tsc\src\app\login\login.service.js
C:\Users\Mateusz\Desktop\EmployeeManager\EmployeeManager\EmployeeManager\ClientApp\dist\out-tsc\src\app\login\login.service.js.map
C:\Users\Mateusz\Desktop\EmployeeManager\EmployeeManager\EmployeeManager\ClientApp\dist\out-tsc\src\app\login\login.component.js
C:\Users\Mateusz\Desktop\EmployeeManager\EmployeeManager\EmployeeManager\ClientApp\dist\out-tsc\src\app\login\login.component.js.map
C:\Users\Mateusz\Desktop\EmployeeManager\EmployeeManager\EmployeeManager\ClientApp\dist\out-tsc\src\app\services\customer\customer.service.js
C:\Users\Mateusz\Desktop\EmployeeManager\EmployeeManager\EmployeeManager\ClientApp\dist\out-tsc\src\app\services\customer\customer.service.js.map
C:\Users\Mateusz\Desktop\EmployeeManager\EmployeeManager\EmployeeManager\ClientApp\dist\out-tsc\src\app\services\customer\customer.js
C:\Users\Mateusz\Desktop\EmployeeManager\EmployeeManager\EmployeeManager\ClientApp\dist\out-tsc\src\app\services\customer\customer.js.map
C:\Users\Mateusz\Desktop\EmployeeManager\EmployeeManager\EmployeeManager\ClientApp\dist\out-tsc\src\environments\environment.prod.js
C:\Users\Mateusz\Desktop\EmployeeManager\EmployeeManager\EmployeeManager\ClientApp\dist\out-tsc\src\environments\environment.prod.js.map
